<?xml version="1.0" encoding="UTF-8"?>
<!-- Generated by org.testng.reporters.JUnitXMLReporter -->
<testsuite hostname="DESKTOP-79QJC99" name="Test" tests="3" failures="0" timestamp="30 Nov 2018 12:42:54 GMT" time="169.687" errors="0">
  <testcase name="Signin" time="0.536" classname="com.hub.TestNGscript.HubTest"/>
  <testcase name="Eventtest3" time="100.261" classname="com.hub.TestNGscript.HubTest"/>
  <testcase name="Signin2" time="41.844" classname="com.hub.TestNGscript.HubTest"/>
</testsuite> <!-- Test -->
